app/build/intermediates/manifest_merge_blame_file/debug/manifest-merger-blame-debug-report.txt
1<?xml version="1.0" encoding="utf-8"?>
2<manifest xmlns:android="http://schemas.android.com/apk/res/android"
3    package="com.example.mylivestockdiaries"
4    android:versionCode="1"
5    android:versionName="1.0" >
6
7    <uses-sdk
8        android:minSdkVersion="21"
8-->src\main\AndroidManifest.xml
9        android:targetSdkVersion="30" />
9-->src\main\AndroidManifest.xml
10
11    <uses-permission android:name="android.permission.INTERNET" />
11-->[com.firebaseui:firebase-ui-database:7.1.1] AndroidManifest.xml:11:5-67
11-->[com.firebaseui:firebase-ui-database:7.1.1] AndroidManifest.xml:11:22-64
12    <uses-permission android:name="android.permission.ACCESS_NETWORK_STATE" />
12-->[com.google.firebase:firebase-auth:21.0.1] AndroidManifest.xml:24:5-79
12-->[com.google.firebase:firebase-auth:21.0.1] AndroidManifest.xml:24:22-76
13    <uses-permission android:name="android.permission.WAKE_LOCK" />
13-->[com.google.android.gms:play-services-measurement:19.0.0] AndroidManifest.xml:25:5-68
13-->[com.google.android.gms:play-services-measurement:19.0.0] AndroidManifest.xml:25:22-65
14    <uses-permission android:name="com.google.android.finsky.permission.BIND_GET_INSTALL_REFERRER_SERVICE" />
14-->[com.google.android.gms:play-services-measurement:19.0.0] AndroidManifest.xml:26:5-110
14-->[com.google.android.gms:play-services-measurement:19.0.0] AndroidManifest.xml:26:22-107
15
16    <application
16-->src\main\AndroidManifest.xml:5:5-52:19
17        android:allowBackup="true"
17-->src\main\AndroidManifest.xml:6:9-35
18        android:appComponentFactory="androidx.core.app.CoreComponentFactory"
18-->[androidx.core:core:1.5.0] AndroidManifest.xml:24:18-86
19        android:debuggable="true"
20        android:icon="@mipmap/ic_launcher"
20-->src\main\AndroidManifest.xml:7:9-43
21        android:label="@string/app_name"
21-->src\main\AndroidManifest.xml:8:9-41
22        android:roundIcon="@mipmap/ic_launcher_round"
22-->src\main\AndroidManifest.xml:9:9-54
23        android:supportsRtl="true"
23-->src\main\AndroidManifest.xml:10:9-35
24        android:testOnly="true"
25        android:theme="@style/Theme.MyLivestockDiaries" >
25-->src\main\AndroidManifest.xml:11:9-56
26        <activity android:name="com.example.mylivestockdiaries.AdminDashboard" />
26-->src\main\AndroidManifest.xml:12:9-61
26-->src\main\AndroidManifest.xml:12:19-49
27        <activity android:name="com.example.mylivestockdiaries.Full_ingredients" />
27-->src\main\AndroidManifest.xml:13:9-63
27-->src\main\AndroidManifest.xml:13:19-51
28        <activity android:name="com.example.mylivestockdiaries.feedadditives" />
28-->src\main\AndroidManifest.xml:14:9-51
28-->src\main\AndroidManifest.xml:14:19-48
29        <activity android:name="com.example.mylivestockdiaries.ProteinActivity" />
29-->src\main\AndroidManifest.xml:15:9-53
29-->src\main\AndroidManifest.xml:15:19-50
30        <activity android:name="com.example.mylivestockdiaries.FeedTrialActivity" />
30-->src\main\AndroidManifest.xml:16:9-55
30-->src\main\AndroidManifest.xml:16:19-52
31        <activity android:name="com.example.mylivestockdiaries.FeedActivity" />
31-->src\main\AndroidManifest.xml:17:9-50
31-->src\main\AndroidManifest.xml:17:19-47
32        <activity android:name="com.example.mylivestockdiaries.PregnancyActivity" />
32-->src\main\AndroidManifest.xml:18:9-55
32-->src\main\AndroidManifest.xml:18:19-52
33        <activity android:name="com.example.mylivestockdiaries.calculation" />
33-->src\main\AndroidManifest.xml:19:9-49
33-->src\main\AndroidManifest.xml:19:19-46
34        <activity android:name="com.example.mylivestockdiaries.Artificialinsemination" />
34-->src\main\AndroidManifest.xml:20:9-60
34-->src\main\AndroidManifest.xml:20:19-57
35        <activity android:name="com.example.mylivestockdiaries.Calving" />
35-->src\main\AndroidManifest.xml:21:9-45
35-->src\main\AndroidManifest.xml:21:19-42
36        <activity android:name="com.example.mylivestockdiaries.christine" />
36-->src\main\AndroidManifest.xml:22:9-47
36-->src\main\AndroidManifest.xml:22:19-44
37        <activity android:name="com.example.mylivestockdiaries.activities.NewAIRecord" />
37-->src\main\AndroidManifest.xml:23:9-60
37-->src\main\AndroidManifest.xml:23:19-57
38        <activity android:name="com.example.mylivestockdiaries.activities.ExpenseActivity" />
38-->src\main\AndroidManifest.xml:24:9-64
38-->src\main\AndroidManifest.xml:24:19-61
39        <activity android:name="com.example.mylivestockdiaries.activities.IncomeActivity" />
39-->src\main\AndroidManifest.xml:25:9-63
39-->src\main\AndroidManifest.xml:25:19-60
40        <activity android:name="com.example.mylivestockdiaries.activities.Finance" />
40-->src\main\AndroidManifest.xml:26:9-56
40-->src\main\AndroidManifest.xml:26:19-53
41        <activity android:name="com.example.mylivestockdiaries.activities.RemoveActivity" />
41-->src\main\AndroidManifest.xml:27:9-63
41-->src\main\AndroidManifest.xml:27:19-60
42        <activity android:name="com.example.mylivestockdiaries.activities.Dewormer" />
42-->src\main\AndroidManifest.xml:28:9-57
42-->src\main\AndroidManifest.xml:28:19-54
43        <activity android:name="com.example.mylivestockdiaries.activities.Vaccine" />
43-->src\main\AndroidManifest.xml:29:9-56
43-->src\main\AndroidManifest.xml:29:19-53
44        <activity android:name="com.example.mylivestockdiaries.activities.Treatment" />
44-->src\main\AndroidManifest.xml:30:9-58
44-->src\main\AndroidManifest.xml:30:19-55
45        <activity android:name="com.example.mylivestockdiaries.finance" />
45-->src\main\AndroidManifest.xml:31:9-45
45-->src\main\AndroidManifest.xml:31:19-42
46        <activity android:name="com.example.mylivestockdiaries.activities.PriceActivity" />
46-->src\main\AndroidManifest.xml:32:9-62
46-->src\main\AndroidManifest.xml:32:19-59
47        <activity android:name="com.example.mylivestockdiaries.activities.BreedingAdd" />
47-->src\main\AndroidManifest.xml:33:9-60
47-->src\main\AndroidManifest.xml:33:19-57
48        <activity android:name="com.example.mylivestockdiaries.activities.MilkAdd" />
48-->src\main\AndroidManifest.xml:34:9-56
48-->src\main\AndroidManifest.xml:34:19-53
49        <activity android:name="com.example.mylivestockdiaries.activities.CattleDetails" />
49-->src\main\AndroidManifest.xml:35:9-62
49-->src\main\AndroidManifest.xml:35:19-59
50        <activity android:name="com.example.mylivestockdiaries.activities.CattleAdd" />
50-->src\main\AndroidManifest.xml:36:9-58
50-->src\main\AndroidManifest.xml:36:19-55
51        <activity android:name="com.example.mylivestockdiaries.activities.FeedFormulation" />
51-->src\main\AndroidManifest.xml:37:9-64
51-->src\main\AndroidManifest.xml:37:19-61
52        <activity android:name="com.example.mylivestockdiaries.activities.BreedingActivity" />
52-->src\main\AndroidManifest.xml:38:9-65
52-->src\main\AndroidManifest.xml:38:19-62
53        <activity android:name="com.example.mylivestockdiaries.activities.MilkRecordActivity" />
53-->src\main\AndroidManifest.xml:39:9-67
53-->src\main\AndroidManifest.xml:39:19-64
54        <activity android:name="com.example.mylivestockdiaries.activities.EventsActivity" />
54-->src\main\AndroidManifest.xml:40:9-63
54-->src\main\AndroidManifest.xml:40:19-60
55        <activity android:name="com.example.mylivestockdiaries.activities.TasksActivity" />
55-->src\main\AndroidManifest.xml:41:9-62
55-->src\main\AndroidManifest.xml:41:19-59
56        <activity android:name="com.example.mylivestockdiaries.activities.CattleActivity" />
56-->src\main\AndroidManifest.xml:42:9-63
56-->src\main\AndroidManifest.xml:42:19-60
57        <activity android:name="com.example.mylivestockdiaries.RegisterActivity" />
57-->src\main\AndroidManifest.xml:43:9-54
57-->src\main\AndroidManifest.xml:43:19-51
58        <activity android:name="com.example.mylivestockdiaries.LoginActivity" />
58-->src\main\AndroidManifest.xml:44:9-51
58-->src\main\AndroidManifest.xml:44:19-48
59        <activity android:name="com.example.mylivestockdiaries.MainActivity" >
59-->src\main\AndroidManifest.xml:45:9-51:20
59-->src\main\AndroidManifest.xml:45:19-47
60            <intent-filter>
60-->src\main\AndroidManifest.xml:46:13-50:29
61                <action android:name="android.intent.action.MAIN" />
61-->src\main\AndroidManifest.xml:47:17-69
61-->src\main\AndroidManifest.xml:47:25-66
62
63                <category android:name="android.intent.category.LAUNCHER" />
63-->src\main\AndroidManifest.xml:49:17-77
63-->src\main\AndroidManifest.xml:49:27-74
64            </intent-filter>
65        </activity>
66        <activity
66-->[com.google.firebase:firebase-auth:21.0.1] AndroidManifest.xml:27:9-44:20
67            android:name="com.google.firebase.auth.internal.GenericIdpActivity"
67-->[com.google.firebase:firebase-auth:21.0.1] AndroidManifest.xml:28:13-80
68            android:excludeFromRecents="true"
68-->[com.google.firebase:firebase-auth:21.0.1] AndroidManifest.xml:29:13-46
69            android:exported="true"
69-->[com.google.firebase:firebase-auth:21.0.1] AndroidManifest.xml:30:13-36
70            android:launchMode="singleTask"
70-->[com.google.firebase:firebase-auth:21.0.1] AndroidManifest.xml:31:13-44
71            android:theme="@android:style/Theme.Translucent.NoTitleBar" >
71-->[com.google.firebase:firebase-auth:21.0.1] AndroidManifest.xml:32:13-72
72            <intent-filter>
72-->[com.google.firebase:firebase-auth:21.0.1] AndroidManifest.xml:33:13-43:29
73                <action android:name="android.intent.action.VIEW" />
73-->[com.google.firebase:firebase-auth:21.0.1] AndroidManifest.xml:34:17-69
73-->[com.google.firebase:firebase-auth:21.0.1] AndroidManifest.xml:34:25-66
74
75                <category android:name="android.intent.category.DEFAULT" />
75-->[com.google.firebase:firebase-auth:21.0.1] AndroidManifest.xml:36:17-76
75-->[com.google.firebase:firebase-auth:21.0.1] AndroidManifest.xml:36:27-73
76                <category android:name="android.intent.category.BROWSABLE" />
76-->[com.google.firebase:firebase-auth:21.0.1] AndroidManifest.xml:37:17-78
76-->[com.google.firebase:firebase-auth:21.0.1] AndroidManifest.xml:37:27-75
77
78                <data
78-->[com.google.firebase:firebase-auth:21.0.1] AndroidManifest.xml:39:17-42:51
79                    android:host="firebase.auth"
79-->[com.google.firebase:firebase-auth:21.0.1] AndroidManifest.xml:40:21-49
80                    android:path="/"
80-->[com.google.firebase:firebase-auth:21.0.1] AndroidManifest.xml:41:21-37
81                    android:scheme="genericidp" />
81-->[com.google.firebase:firebase-auth:21.0.1] AndroidManifest.xml:42:21-48
82            </intent-filter>
83        </activity>
84        <activity
84-->[com.google.firebase:firebase-auth:21.0.1] AndroidManifest.xml:45:9-62:20
85            android:name="com.google.firebase.auth.internal.RecaptchaActivity"
85-->[com.google.firebase:firebase-auth:21.0.1] AndroidManifest.xml:46:13-79
86            android:excludeFromRecents="true"
86-->[com.google.firebase:firebase-auth:21.0.1] AndroidManifest.xml:47:13-46
87            android:exported="true"
87-->[com.google.firebase:firebase-auth:21.0.1] AndroidManifest.xml:48:13-36
88            android:launchMode="singleTask"
88-->[com.google.firebase:firebase-auth:21.0.1] AndroidManifest.xml:49:13-44
89            android:theme="@android:style/Theme.Translucent.NoTitleBar" >
89-->[com.google.firebase:firebase-auth:21.0.1] AndroidManifest.xml:50:13-72
90            <intent-filter>
90-->[com.google.firebase:firebase-auth:21.0.1] AndroidManifest.xml:51:13-61:29
91                <action android:name="android.intent.action.VIEW" />
91-->[com.google.firebase:firebase-auth:21.0.1] AndroidManifest.xml:34:17-69
91-->[com.google.firebase:firebase-auth:21.0.1] AndroidManifest.xml:34:25-66
92
93                <category android:name="android.intent.category.DEFAULT" />
93-->[com.google.firebase:firebase-auth:21.0.1] AndroidManifest.xml:36:17-76
93-->[com.google.firebase:firebase-auth:21.0.1] AndroidManifest.xml:36:27-73
94                <category android:name="android.intent.category.BROWSABLE" />
94-->[com.google.firebase:firebase-auth:21.0.1] AndroidManifest.xml:37:17-78
94-->[com.google.firebase:firebase-auth:21.0.1] AndroidManifest.xml:37:27-75
95
96                <data
96-->[com.google.firebase:firebase-auth:21.0.1] AndroidManifest.xml:39:17-42:51
97                    android:host="firebase.auth"
97-->[com.google.firebase:firebase-auth:21.0.1] AndroidManifest.xml:40:21-49
98                    android:path="/"
98-->[com.google.firebase:firebase-auth:21.0.1] AndroidManifest.xml:41:21-37
99                    android:scheme="recaptcha" />
99-->[com.google.firebase:firebase-auth:21.0.1] AndroidManifest.xml:42:21-48
100            </intent-filter>
101        </activity>
102
103        <service
103-->[com.google.firebase:firebase-auth:21.0.1] AndroidManifest.xml:64:9-73:19
104            android:name="com.google.firebase.auth.api.fallback.service.FirebaseAuthFallbackService"
104-->[com.google.firebase:firebase-auth:21.0.1] AndroidManifest.xml:65:13-101
105            android:enabled="true"
105-->[com.google.firebase:firebase-auth:21.0.1] AndroidManifest.xml:66:13-35
106            android:exported="false" >
106-->[com.google.firebase:firebase-auth:21.0.1] AndroidManifest.xml:67:13-37
107            <intent-filter>
107-->[com.google.firebase:firebase-auth:21.0.1] AndroidManifest.xml:68:13-72:29
108                <action android:name="com.google.firebase.auth.api.gms.service.START" />
108-->[com.google.firebase:firebase-auth:21.0.1] AndroidManifest.xml:69:17-89
108-->[com.google.firebase:firebase-auth:21.0.1] AndroidManifest.xml:69:25-86
109
110                <category android:name="android.intent.category.DEFAULT" />
110-->[com.google.firebase:firebase-auth:21.0.1] AndroidManifest.xml:36:17-76
110-->[com.google.firebase:firebase-auth:21.0.1] AndroidManifest.xml:36:27-73
111            </intent-filter>
112        </service>
113        <service
113-->[com.google.firebase:firebase-auth:21.0.1] AndroidManifest.xml:74:9-80:19
114            android:name="com.google.firebase.components.ComponentDiscoveryService"
114-->[com.google.firebase:firebase-auth:21.0.1] AndroidManifest.xml:75:13-84
115            android:directBootAware="true"
115-->[com.google.firebase:firebase-common:20.0.0] AndroidManifest.xml:35:13-43
116            android:exported="false" >
116-->[com.google.firebase:firebase-auth:21.0.1] AndroidManifest.xml:76:13-37
117            <meta-data
117-->[com.google.firebase:firebase-auth:21.0.1] AndroidManifest.xml:77:13-79:85
118                android:name="com.google.firebase.components:com.google.firebase.auth.FirebaseAuthRegistrar"
118-->[com.google.firebase:firebase-auth:21.0.1] AndroidManifest.xml:78:17-109
119                android:value="com.google.firebase.components.ComponentRegistrar" />
119-->[com.google.firebase:firebase-auth:21.0.1] AndroidManifest.xml:79:17-82
120            <meta-data
120-->[com.google.firebase:firebase-storage:20.0.0] AndroidManifest.xml:33:13-35:85
121                android:name="com.google.firebase.components:com.google.firebase.storage.StorageRegistrar"
121-->[com.google.firebase:firebase-storage:20.0.0] AndroidManifest.xml:34:17-107
122                android:value="com.google.firebase.components.ComponentRegistrar" />
122-->[com.google.firebase:firebase-storage:20.0.0] AndroidManifest.xml:35:17-82
123            <meta-data
123-->[com.google.firebase:firebase-database:20.0.0] AndroidManifest.xml:32:13-34:85
124                android:name="com.google.firebase.components:com.google.firebase.database.DatabaseRegistrar"
124-->[com.google.firebase:firebase-database:20.0.0] AndroidManifest.xml:33:17-109
125                android:value="com.google.firebase.components.ComponentRegistrar" />
125-->[com.google.firebase:firebase-database:20.0.0] AndroidManifest.xml:34:17-82
126            <meta-data
126-->[com.google.android.gms:play-services-measurement-api:19.0.0] AndroidManifest.xml:30:13-32:85
127                android:name="com.google.firebase.components:com.google.firebase.analytics.connector.internal.AnalyticsConnectorRegistrar"
127-->[com.google.android.gms:play-services-measurement-api:19.0.0] AndroidManifest.xml:31:17-139
128                android:value="com.google.firebase.components.ComponentRegistrar" />
128-->[com.google.android.gms:play-services-measurement-api:19.0.0] AndroidManifest.xml:32:17-82
129            <meta-data
129-->[com.google.firebase:firebase-installations:17.0.0] AndroidManifest.xml:18:13-20:85
130                android:name="com.google.firebase.components:com.google.firebase.installations.FirebaseInstallationsRegistrar"
130-->[com.google.firebase:firebase-installations:17.0.0] AndroidManifest.xml:19:17-127
131                android:value="com.google.firebase.components.ComponentRegistrar" />
131-->[com.google.firebase:firebase-installations:17.0.0] AndroidManifest.xml:20:17-82
132        </service>
133
134        <provider
134-->[com.squareup.picasso:picasso:2.71828] AndroidManifest.xml:8:9-11:40
135            android:name="com.squareup.picasso.PicassoProvider"
135-->[com.squareup.picasso:picasso:2.71828] AndroidManifest.xml:9:13-64
136            android:authorities="com.example.mylivestockdiaries.com.squareup.picasso"
136-->[com.squareup.picasso:picasso:2.71828] AndroidManifest.xml:10:13-72
137            android:exported="false" />
137-->[com.squareup.picasso:picasso:2.71828] AndroidManifest.xml:11:13-37
138
139        <activity
139-->[com.google.android.gms:play-services-base:17.1.0] AndroidManifest.xml:23:9-26:75
140            android:name="com.google.android.gms.common.api.GoogleApiActivity"
140-->[com.google.android.gms:play-services-base:17.1.0] AndroidManifest.xml:24:13-79
141            android:exported="false"
141-->[com.google.android.gms:play-services-base:17.1.0] AndroidManifest.xml:25:13-37
142            android:theme="@android:style/Theme.Translucent.NoTitleBar" />
142-->[com.google.android.gms:play-services-base:17.1.0] AndroidManifest.xml:26:13-72
143
144        <receiver
144-->[com.google.android.gms:play-services-measurement:19.0.0] AndroidManifest.xml:29:9-33:20
145            android:name="com.google.android.gms.measurement.AppMeasurementReceiver"
145-->[com.google.android.gms:play-services-measurement:19.0.0] AndroidManifest.xml:30:13-85
146            android:enabled="true"
146-->[com.google.android.gms:play-services-measurement:19.0.0] AndroidManifest.xml:31:13-35
147            android:exported="false" >
147-->[com.google.android.gms:play-services-measurement:19.0.0] AndroidManifest.xml:32:13-37
148        </receiver>
149
150        <service
150-->[com.google.android.gms:play-services-measurement:19.0.0] AndroidManifest.xml:35:9-38:40
151            android:name="com.google.android.gms.measurement.AppMeasurementService"
151-->[com.google.android.gms:play-services-measurement:19.0.0] AndroidManifest.xml:36:13-84
152            android:enabled="true"
152-->[com.google.android.gms:play-services-measurement:19.0.0] AndroidManifest.xml:37:13-35
153            android:exported="false" />
153-->[com.google.android.gms:play-services-measurement:19.0.0] AndroidManifest.xml:38:13-37
154        <service
154-->[com.google.android.gms:play-services-measurement:19.0.0] AndroidManifest.xml:39:9-43:72
155            android:name="com.google.android.gms.measurement.AppMeasurementJobService"
155-->[com.google.android.gms:play-services-measurement:19.0.0] AndroidManifest.xml:40:13-87
156            android:enabled="true"
156-->[com.google.android.gms:play-services-measurement:19.0.0] AndroidManifest.xml:41:13-35
157            android:exported="false"
157-->[com.google.android.gms:play-services-measurement:19.0.0] AndroidManifest.xml:42:13-37
158            android:permission="android.permission.BIND_JOB_SERVICE" />
158-->[com.google.android.gms:play-services-measurement:19.0.0] AndroidManifest.xml:43:13-69
159
160        <provider
160-->[com.google.firebase:firebase-common:20.0.0] AndroidManifest.xml:26:9-31:39
161            android:name="com.google.firebase.provider.FirebaseInitProvider"
161-->[com.google.firebase:firebase-common:20.0.0] AndroidManifest.xml:27:13-77
162            android:authorities="com.example.mylivestockdiaries.firebaseinitprovider"
162-->[com.google.firebase:firebase-common:20.0.0] AndroidManifest.xml:28:13-72
163            android:directBootAware="true"
163-->[com.google.firebase:firebase-common:20.0.0] AndroidManifest.xml:29:13-43
164            android:exported="false"
164-->[com.google.firebase:firebase-common:20.0.0] AndroidManifest.xml:30:13-37
165            android:initOrder="100" />
165-->[com.google.firebase:firebase-common:20.0.0] AndroidManifest.xml:31:13-36
166
167        <meta-data
167-->[com.google.android.gms:play-services-basement:17.1.0] AndroidManifest.xml:23:9-25:69
168            android:name="com.google.android.gms.version"
168-->[com.google.android.gms:play-services-basement:17.1.0] AndroidManifest.xml:24:13-58
169            android:value="@integer/google_play_services_version" />
169-->[com.google.android.gms:play-services-basement:17.1.0] AndroidManifest.xml:25:13-66
170    </application>
171
172</manifest>